# JRE version: OpenJDK Runtime Environment Microsoft-7208460 (11.0.18+10) (build 11.0.18+10-LTS)
# Java VM: OpenJDK 64-Bit Server VM Microsoft-7208460 (11.0.18+10-LTS, mixed mode, tiered, compressed oops, g1 gc, windows-amd64)
Heap:
 garbage-first heap   total 389120K, used 161593K [0x0000000080000000, 0x0000000100000000)
  region size 1024K, 9 young (9216K), 9 survivors (9216K)
 Metaspace       used 105946K, capacity 109698K, committed 109904K, reserved 612352K
  class space    used 13782K, capacity 15243K, committed 15360K, reserved 516096K
GC Heap History (20 events):
Event: 145.892 GC heap after
{Heap after GC invocations=80 (full 0):
 garbage-first heap   total 165888K, used 124402K [0x0000000080000000, 0x0000000100000000)
  region size 1024K, 2 young (2048K), 2 survivors (2048K)
 Metaspace       used 95240K, capacity 98575K, committed 98768K, reserved 602112K
  class space    used 12518K, capacity 13838K, committed 13952K, reserved 516096K
}
Event: 146.504 GC heap before
{Heap before GC invocations=80 (full 0):
 garbage-first heap   total 165888K, used 137714K [0x0000000080000000, 0x0000000100000000)
  region size 1024K, 15 young (15360K), 2 survivors (2048K)
 Metaspace       used 96391K, capacity 99731K, committed 99920K, reserved 602112K
  class space    used 12687K, capacity 14004K, committed 14080K, reserved 516096K
}
Event: 146.514 GC heap after
{Heap after GC invocations=81 (full 0):
 garbage-first heap   total 165888K, used 125301K [0x0000000080000000, 0x0000000100000000)
  region size 1024K, 1 young (1024K), 1 survivors (1024K)
 Metaspace       used 96391K, capacity 99731K, committed 99920K, reserved 602112K
  class space    used 12687K, capacity 14004K, committed 14080K, reserved 516096K
}
Event: 146.825 GC heap before
{Heap before GC invocations=82 (full 0):
 garbage-first heap   total 165888K, used 138613K [0x0000000080000000, 0x0000000100000000)
  region size 1024K, 14 young (14336K), 1 survivors (1024K)
 Metaspace       used 97692K, capacity 101049K, committed 101200K, reserved 604160K
  class space    used 12904K, capacity 14229K, committed 14336K, reserved 516096K
}
Event: 146.836 GC heap after
{Heap after GC invocations=83 (full 0):
 garbage-first heap   total 227328K, used 125448K [0x0000000080000000, 0x0000000100000000)
  region size 1024K, 1 young (1024K), 1 survivors (1024K)
 Metaspace       used 97692K, capacity 101049K, committed 101200K, reserved 604160K
  class space    used 12904K, capacity 14229K, committed 14336K, reserved 516096K
}
Event: 148.136 GC heap before
{Heap before GC invocations=83 (full 0):
 garbage-first heap   total 227328K, used 159240K [0x0000000080000000, 0x0000000100000000)
  region size 1024K, 34 young (34816K), 1 survivors (1024K)
 Metaspace       used 101109K, capacity 104420K, committed 104656K, reserved 606208K
  class space    used 13301K, capacity 14612K, committed 14720K, reserved 516096K
}
Event: 148.158 GC heap after
{Heap after GC invocations=84 (full 0):
 garbage-first heap   total 227328K, used 127940K [0x0000000080000000, 0x0000000100000000)
  region size 1024K, 4 young (4096K), 4 survivors (4096K)
 Metaspace       used 101109K, capacity 104420K, committed 104656K, reserved 606208K
  class space    used 13301K, capacity 14612K, committed 14720K, reserved 516096K
}
Event: 150.498 GC heap before
{Heap before GC invocations=85 (full 0):
 garbage-first heap   total 227328K, used 162756K [0x0000000080000000, 0x0000000100000000)
  region size 1024K, 38 young (38912K), 4 survivors (4096K)
 Metaspace       used 102224K, capacity 105731K, committed 106064K, reserved 608256K
  class space    used 13401K, capacity 14741K, committed 14848K, reserved 516096K
}
Event: 150.534 GC heap after
{Heap after GC invocations=86 (full 0):
 garbage-first heap   total 227328K, used 133709K [0x0000000080000000, 0x0000000100000000)
  region size 1024K, 5 young (5120K), 5 survivors (5120K)
 Metaspace       used 102224K, capacity 105731K, committed 106064K, reserved 608256K
  class space    used 13401K, capacity 14741K, committed 14848K, reserved 516096K
}
Event: 151.478 GC heap before
{Heap before GC invocations=86 (full 0):
 garbage-first heap   total 227328K, used 168525K [0x0000000080000000, 0x0000000100000000)
  region size 1024K, 39 young (39936K), 5 survivors (5120K)
 Metaspace       used 102662K, capacity 106128K, committed 106320K, reserved 608256K
  class space    used 13433K, capacity 14782K, committed 14848K, reserved 516096K
}
Event: 151.504 GC heap after
{Heap after GC invocations=87 (full 0):
 garbage-first heap   total 227328K, used 138204K [0x0000000080000000, 0x0000000100000000)
  region size 1024K, 5 young (5120K), 5 survivors (5120K)
 Metaspace       used 102662K, capacity 106128K, committed 106320K, reserved 608256K
  class space    used 13433K, capacity 14782K, committed 14848K, reserved 516096K
}
Event: 152.566 GC heap before
{Heap before GC invocations=88 (full 0):
 garbage-first heap   total 227328K, used 173020K [0x0000000080000000, 0x0000000100000000)
  region size 1024K, 39 young (39936K), 5 survivors (5120K)
 Metaspace       used 103379K, capacity 106849K, committed 107088K, reserved 610304K
  class space    used 13490K, capacity 14823K, committed 14848K, reserved 516096K
}
Event: 152.598 GC heap after
{Heap after GC invocations=89 (full 0):
 garbage-first heap   total 323584K, used 141975K [0x0000000080000000, 0x0000000100000000)
  region size 1024K, 5 young (5120K), 5 survivors (5120K)
 Metaspace       used 103379K, capacity 106849K, committed 107088K, reserved 610304K
  class space    used 13490K, capacity 14823K, committed 14848K, reserved 516096K
}
Event: 155.152 GC heap before
{Heap before GC invocations=89 (full 0):
 garbage-first heap   total 323584K, used 210583K [0x0000000080000000, 0x0000000100000000)
  region size 1024K, 73 young (74752K), 5 survivors (5120K)
 Metaspace       used 104814K, capacity 108429K, committed 108624K, reserved 610304K
  class space    used 13671K, capacity 15074K, committed 15104K, reserved 516096K
}
Event: 155.189 GC heap after
{Heap after GC invocations=90 (full 0):
 garbage-first heap   total 323584K, used 148097K [0x0000000080000000, 0x0000000100000000)
  region size 1024K, 10 young (10240K), 10 survivors (10240K)
 Metaspace       used 104814K, capacity 108429K, committed 108624K, reserved 610304K
  class space    used 13671K, capacity 15074K, committed 15104K, reserved 516096K
}
Event: 162.872 GC heap before
{Heap before GC invocations=90 (full 0):
 garbage-first heap   total 323584K, used 243329K [0x0000000080000000, 0x0000000100000000)
  region size 1024K, 104 young (106496K), 10 survivors (10240K)
 Metaspace       used 105577K, capacity 109220K, committed 109520K, reserved 612352K
  class space    used 13751K, capacity 15146K, committed 15232K, reserved 516096K
}
Event: 162.922 GC heap after
{Heap after GC invocations=91 (full 0):
 garbage-first heap   total 323584K, used 155325K [0x0000000080000000, 0x0000000100000000)
  region size 1024K, 13 young (13312K), 13 survivors (13312K)
 Metaspace       used 105577K, capacity 109220K, committed 109520K, reserved 612352K
  class space    used 13751K, capacity 15146K, committed 15232K, reserved 516096K
}
Event: 164.910 GC heap before
{Heap before GC invocations=91 (full 0):
 garbage-first heap   total 323584K, used 206525K [0x0000000080000000, 0x0000000100000000)
  region size 1024K, 61 young (62464K), 13 survivors (13312K)
 Metaspace       used 105839K, capacity 109490K, committed 109520K, reserved 612352K
  class space    used 13770K, capacity 15221K, committed 15232K, reserved 516096K
}
Event: 164.998 GC heap after
{Heap after GC invocations=92 (full 0):
 garbage-first heap   total 323584K, used 159208K [0x0000000080000000, 0x0000000100000000)
  region size 1024K, 6 young (6144K), 6 survivors (6144K)
 Metaspace       used 105839K, capacity 109490K, committed 109520K, reserved 612352K
  class space    used 13770K, capacity 15221K, committed 15232K, reserved 516096K
}
Event: 166.403 GC heap before
{Heap before GC invocations=93 (full 0):
 garbage-first heap   total 323584K, used 202216K [0x0000000080000000, 0x0000000100000000)
  region size 1024K, 42 young (43008K), 6 survivors (6144K)
 Metaspace       used 105946K, capacity 109698K, committed 109904K, reserved 612352K
  class space    used 13782K, capacity 15243K, committed 15360K, reserved 516096K
}

